
user5947
compiling...
src/project/passenger_container/Passenger.java:11: error: package project.utils does not exist
import project.utils.Util;
                    ^
src/project/airport_container/Airport.java:10: error: package project.utils does not exist
import project.utils.Util;
                    ^
src/project/airline_container/aircraft_container/Aircraft.java:8: error: package project.utils does not exist
import project.utils.LogWriter;
                    ^
src/project/airline_container/aircraft_container/Aircraft.java:9: error: package project.utils does not exist
import project.utils.Util;
                    ^
src/project/airline_container/aircraft_container/PassengerAircraft.java:8: error: package project.utils does not exist
import project.utils.LogWriter;
                    ^
src/project/airline_container/aircraft_container/PassengerAircraft.java:9: error: package project.utils does not exist
import project.utils.Util;
                    ^
src/project/airline_container/Airline.java:17: error: package project.utils does not exist
import project.utils.DataReader;
                    ^
src/project/airline_container/Airline.java:18: error: package project.utils does not exist
import project.utils.LogWriter;
                    ^
src/project/airline_container/Airline.java:19: error: package project.utils does not exist
import project.utils.Util;
                    ^
src/project/passenger_container/Passenger.java:74: error: cannot find symbol
		return Util.findDistance(lastDisembarkation, toAirport);
		       ^
  symbol:   variable Util
  location: class Passenger
src/project/airport_container/Airport.java:39: error: cannot find symbol
				distancesUnsorted.put(airport.getId(), Util.findDistance(airport, this));
				                                       ^
  symbol:   variable Util
  location: class Airport
src/project/airport_container/Airport.java:42: error: cannot find symbol
		distances = Util.sortByValue(distancesUnsorted);
		            ^
  symbol:   variable Util
  location: class Airport
src/project/airline_container/aircraft_container/Aircraft.java:69: error: cannot find symbol
		double fuelConsumption = getFuelConsumption(Util.findDistance(currentAirport, toAirport));
		                                            ^
  symbol:   variable Util
  location: class Aircraft
src/project/airline_container/aircraft_container/Aircraft.java:81: error: cannot find symbol
			LogWriter.write("3 " + ID + " " + fuel + " = -" + lastFuelCost);
			^
  symbol:   variable LogWriter
  location: class Aircraft
src/project/airline_container/aircraft_container/Aircraft.java:93: error: cannot find symbol
		LogWriter.write("3 " + ID + " -" + amount + " = 0.0");
		^
  symbol:   variable LogWriter
  location: class Aircraft
src/project/airline_container/aircraft_container/Aircraft.java:104: error: cannot find symbol
		LogWriter.write("3 " + ID + " -" + requiredFuel + " = -" + lastFuelCost);
		^
  symbol:   variable LogWriter
  location: class Aircraft
src/project/airline_container/aircraft_container/PassengerAircraft.java:49: error: cannot find symbol
		return Util.findDistance(currentAirport, toAirport) * getFullness() * flightCostConstant;
		       ^
  symbol:   variable Util
  location: class PassengerAircraft
src/project/airline_container/aircraft_container/PassengerAircraft.java:99: error: cannot find symbol
		LogWriter.write("4 " + passenger.getID() + " " + ID + " " + passenger.getAirport().getId() + " = -" + loadingFee);
		^
  symbol:   variable LogWriter
  location: class PassengerAircraft
src/project/airline_container/aircraft_container/PassengerAircraft.java:127: error: cannot find symbol
		LogWriter.write("5 " + passenger.getID() + " " + ID + " " + passenger.getAirport().getId() + "= " + revenue);
		^
  symbol:   variable LogWriter
  location: class PassengerAircraft
src/project/airline_container/aircraft_container/PassengerAircraft.java:141: error: cannot find symbol
		LogWriter.write("6 " + passenger.getID() + " " + ID + " " + toAircraft.getID() + " = -" + fee);
		^
  symbol:   variable LogWriter
  location: class PassengerAircraft
src/project/airline_container/aircraft_container/PassengerAircraft.java:188: error: cannot find symbol
			LogWriter.write("2 " + ID + " " + economy + " " + business + " " + firstClass);
			^
  symbol:   variable LogWriter
  location: class PassengerAircraft
src/project/airline_container/Airline.java:43: error: cannot find symbol
		DataReader.readAll(args[0]);
		^
  symbol:   variable DataReader
  location: class Airline
src/project/airline_container/Airline.java:44: error: cannot find symbol
		LogWriter.set(args[1]);
		^
  symbol:   variable LogWriter
  location: class Airline
src/project/airline_container/Airline.java:46: error: cannot find symbol
		destinationFrequencies = Util.sortByValue(destinationFrequenciesUnsorted);
		                         ^
  symbol:   variable Util
  location: class Airline
src/project/airline_container/Airline.java:53: error: cannot find symbol
		LogWriter.finish();
		^
  symbol:   variable LogWriter
  location: class Airline
src/project/airline_container/Airline.java:58: error: cannot find symbol
		LogWriter.write("1 " + toAirport.getId() + " " + aircrafts.get(aircraftIndex) + " = -" + (expense + aircrafts.get(aircraftIndex).fly(toAirport)));
		^
  symbol:   variable LogWriter
  location: class Airline
src/project/airline_container/Airline.java:67: error: cannot find symbol
					LogWriter.write("0 " + airport.getId() + " 3 = 0.0" );
					^
  symbol:   variable LogWriter
  location: class Airline
src/project/airline_container/Airline.java:71: error: cannot find symbol
					LogWriter.write("0 " + airport.getId() + " 0 = 0.0" );
					^
  symbol:   variable LogWriter
  location: class Airline
src/project/airline_container/Airline.java:75: error: cannot find symbol
					LogWriter.write("0 " + airport.getId() + " 2 = 0.0" );
					^
  symbol:   variable LogWriter
  location: class Airline
src/project/airline_container/Airline.java:79: error: cannot find symbol
					LogWriter.write("0 " + airport.getId() + " 1 = 0.0" );
					^
  symbol:   variable LogWriter
  location: class Airline
src/project/airline_container/Airline.java:128: error: cannot find symbol
		this.airportCrowdedness = Util.sortByValue(airportCrowdedness);
		                          ^
  symbol:   variable Util
  location: class Airline
31 errors
running...
input0.txt testing...
Error: Could not find or load main class project.executable_container.Main
Caused by: java.lang.ClassNotFoundException: project.executable_container.Main
runtime error.
input1.txt testing...
Error: Could not find or load main class project.executable_container.Main
Caused by: java.lang.ClassNotFoundException: project.executable_container.Main
runtime error.
input10.txt testing...
Error: Could not find or load main class project.executable_container.Main
Caused by: java.lang.ClassNotFoundException: project.executable_container.Main
runtime error.
input11.txt testing...
Error: Could not find or load main class project.executable_container.Main
Caused by: java.lang.ClassNotFoundException: project.executable_container.Main
runtime error.
input12.txt testing...
Error: Could not find or load main class project.executable_container.Main
Caused by: java.lang.ClassNotFoundException: project.executable_container.Main
runtime error.
input13.txt testing...
Error: Could not find or load main class project.executable_container.Main
Caused by: java.lang.ClassNotFoundException: project.executable_container.Main
runtime error.
input14.txt testing...
Error: Could not find or load main class project.executable_container.Main
Caused by: java.lang.ClassNotFoundException: project.executable_container.Main
runtime error.
input15.txt testing...
Error: Could not find or load main class project.executable_container.Main
Caused by: java.lang.ClassNotFoundException: project.executable_container.Main
runtime error.
input16.txt testing...
Error: Could not find or load main class project.executable_container.Main
Caused by: java.lang.ClassNotFoundException: project.executable_container.Main
runtime error.
input17.txt testing...
Error: Could not find or load main class project.executable_container.Main
Caused by: java.lang.ClassNotFoundException: project.executable_container.Main
runtime error.
input18.txt testing...
Error: Could not find or load main class project.executable_container.Main
Caused by: java.lang.ClassNotFoundException: project.executable_container.Main
runtime error.
input19.txt testing...
Error: Could not find or load main class project.executable_container.Main
Caused by: java.lang.ClassNotFoundException: project.executable_container.Main
runtime error.
input2.txt testing...
Error: Could not find or load main class project.executable_container.Main
Caused by: java.lang.ClassNotFoundException: project.executable_container.Main
runtime error.
input20.txt testing...
Error: Could not find or load main class project.executable_container.Main
Caused by: java.lang.ClassNotFoundException: project.executable_container.Main
runtime error.
input21.txt testing...
Error: Could not find or load main class project.executable_container.Main
Caused by: java.lang.ClassNotFoundException: project.executable_container.Main
runtime error.
input22.txt testing...
Error: Could not find or load main class project.executable_container.Main
Caused by: java.lang.ClassNotFoundException: project.executable_container.Main
runtime error.
input23.txt testing...
Error: Could not find or load main class project.executable_container.Main
Caused by: java.lang.ClassNotFoundException: project.executable_container.Main
runtime error.
input24.txt testing...
Error: Could not find or load main class project.executable_container.Main
Caused by: java.lang.ClassNotFoundException: project.executable_container.Main
runtime error.
input25.txt testing...
Error: Could not find or load main class project.executable_container.Main
Caused by: java.lang.ClassNotFoundException: project.executable_container.Main
runtime error.
input26.txt testing...
Error: Could not find or load main class project.executable_container.Main
Caused by: java.lang.ClassNotFoundException: project.executable_container.Main
runtime error.
input27.txt testing...
Error: Could not find or load main class project.executable_container.Main
Caused by: java.lang.ClassNotFoundException: project.executable_container.Main
runtime error.
input28.txt testing...
Error: Could not find or load main class project.executable_container.Main
Caused by: java.lang.ClassNotFoundException: project.executable_container.Main
runtime error.
input29.txt testing...
Error: Could not find or load main class project.executable_container.Main
Caused by: java.lang.ClassNotFoundException: project.executable_container.Main
runtime error.
input3.txt testing...
Error: Could not find or load main class project.executable_container.Main
Caused by: java.lang.ClassNotFoundException: project.executable_container.Main
runtime error.
input30.txt testing...
Error: Could not find or load main class project.executable_container.Main
Caused by: java.lang.ClassNotFoundException: project.executable_container.Main
runtime error.
input31.txt testing...
Error: Could not find or load main class project.executable_container.Main
Caused by: java.lang.ClassNotFoundException: project.executable_container.Main
runtime error.
input32.txt testing...
Error: Could not find or load main class project.executable_container.Main
Caused by: java.lang.ClassNotFoundException: project.executable_container.Main
runtime error.
input33.txt testing...
Error: Could not find or load main class project.executable_container.Main
Caused by: java.lang.ClassNotFoundException: project.executable_container.Main
runtime error.
input34.txt testing...
Error: Could not find or load main class project.executable_container.Main
Caused by: java.lang.ClassNotFoundException: project.executable_container.Main
runtime error.
input4.txt testing...
Error: Could not find or load main class project.executable_container.Main
Caused by: java.lang.ClassNotFoundException: project.executable_container.Main
runtime error.
input5.txt testing...
Error: Could not find or load main class project.executable_container.Main
Caused by: java.lang.ClassNotFoundException: project.executable_container.Main
runtime error.
input6.txt testing...
Error: Could not find or load main class project.executable_container.Main
Caused by: java.lang.ClassNotFoundException: project.executable_container.Main
runtime error.
input7.txt testing...
Error: Could not find or load main class project.executable_container.Main
Caused by: java.lang.ClassNotFoundException: project.executable_container.Main
runtime error.
input8.txt testing...
Error: Could not find or load main class project.executable_container.Main
Caused by: java.lang.ClassNotFoundException: project.executable_container.Main
runtime error.
input9.txt testing...
Error: Could not find or load main class project.executable_container.Main
Caused by: java.lang.ClassNotFoundException: project.executable_container.Main
runtime error.
