
user5991
compiling...
src/project/airline/aircraft/concrete/JetPassengerAircraft.java:14: error: unmappable character (0xFD) for encoding UTF-8
		//departure ve landing costlar� da eklemem laz�m
		                              ^
src/project/airline/aircraft/concrete/JetPassengerAircraft.java:14: error: unmappable character (0xFD) for encoding UTF-8
		//departure ve landing costlar� da eklemem laz�m
		                                              ^
src/project/airline/aircraft/concrete/PropPassengerAircraft.java:14: error: unmappable character (0xFD) for encoding UTF-8
		//departure ve landing costlar� da eklemem laz�m
		                              ^
src/project/airline/aircraft/concrete/PropPassengerAircraft.java:14: error: unmappable character (0xFD) for encoding UTF-8
		//departure ve landing costlar� da eklemem laz�m
		                                              ^
src/project/airline/aircraft/concrete/RapidPassengerAircraft.java:15: error: unmappable character (0xFD) for encoding UTF-8
		//departure ve landing costlar� da eklemem laz�m
		                              ^
src/project/airline/aircraft/concrete/RapidPassengerAircraft.java:15: error: unmappable character (0xFD) for encoding UTF-8
		//departure ve landing costlar� da eklemem laz�m
		                                              ^
src/project/airline/aircraft/concrete/WidebodyPassengerAircraft.java:15: error: unmappable character (0xFD) for encoding UTF-8
		//departure ve landing costlar� da eklemem laz�m
		                              ^
src/project/airline/aircraft/concrete/WidebodyPassengerAircraft.java:15: error: unmappable character (0xFD) for encoding UTF-8
		//departure ve landing costlar� da eklemem laz�m
		                                              ^
8 errors
running...
input0.txt testing...
Error: Could not find or load main class project.executable.Main
Caused by: java.lang.ClassNotFoundException: project.executable.Main
runtime error.
input1.txt testing...
Error: Could not find or load main class project.executable.Main
Caused by: java.lang.ClassNotFoundException: project.executable.Main
runtime error.
input10.txt testing...
Error: Could not find or load main class project.executable.Main
Caused by: java.lang.ClassNotFoundException: project.executable.Main
runtime error.
input11.txt testing...
Error: Could not find or load main class project.executable.Main
Caused by: java.lang.ClassNotFoundException: project.executable.Main
runtime error.
input12.txt testing...
Error: Could not find or load main class project.executable.Main
Caused by: java.lang.ClassNotFoundException: project.executable.Main
runtime error.
input13.txt testing...
Error: Could not find or load main class project.executable.Main
Caused by: java.lang.ClassNotFoundException: project.executable.Main
runtime error.
input14.txt testing...
Error: Could not find or load main class project.executable.Main
Caused by: java.lang.ClassNotFoundException: project.executable.Main
runtime error.
input15.txt testing...
Error: Could not find or load main class project.executable.Main
Caused by: java.lang.ClassNotFoundException: project.executable.Main
runtime error.
input16.txt testing...
Error: Could not find or load main class project.executable.Main
Caused by: java.lang.ClassNotFoundException: project.executable.Main
runtime error.
input17.txt testing...
Error: Could not find or load main class project.executable.Main
Caused by: java.lang.ClassNotFoundException: project.executable.Main
runtime error.
input18.txt testing...
Error: Could not find or load main class project.executable.Main
Caused by: java.lang.ClassNotFoundException: project.executable.Main
runtime error.
input19.txt testing...
Error: Could not find or load main class project.executable.Main
Caused by: java.lang.ClassNotFoundException: project.executable.Main
runtime error.
input2.txt testing...
Error: Could not find or load main class project.executable.Main
Caused by: java.lang.ClassNotFoundException: project.executable.Main
runtime error.
input20.txt testing...
Error: Could not find or load main class project.executable.Main
Caused by: java.lang.ClassNotFoundException: project.executable.Main
runtime error.
input21.txt testing...
Error: Could not find or load main class project.executable.Main
Caused by: java.lang.ClassNotFoundException: project.executable.Main
runtime error.
input22.txt testing...
Error: Could not find or load main class project.executable.Main
Caused by: java.lang.ClassNotFoundException: project.executable.Main
runtime error.
input23.txt testing...
Error: Could not find or load main class project.executable.Main
Caused by: java.lang.ClassNotFoundException: project.executable.Main
runtime error.
input24.txt testing...
Error: Could not find or load main class project.executable.Main
Caused by: java.lang.ClassNotFoundException: project.executable.Main
runtime error.
input25.txt testing...
Error: Could not find or load main class project.executable.Main
Caused by: java.lang.ClassNotFoundException: project.executable.Main
runtime error.
input26.txt testing...
Error: Could not find or load main class project.executable.Main
Caused by: java.lang.ClassNotFoundException: project.executable.Main
runtime error.
input27.txt testing...
Error: Could not find or load main class project.executable.Main
Caused by: java.lang.ClassNotFoundException: project.executable.Main
runtime error.
input28.txt testing...
Error: Could not find or load main class project.executable.Main
Caused by: java.lang.ClassNotFoundException: project.executable.Main
runtime error.
input29.txt testing...
Error: Could not find or load main class project.executable.Main
Caused by: java.lang.ClassNotFoundException: project.executable.Main
runtime error.
input3.txt testing...
Error: Could not find or load main class project.executable.Main
Caused by: java.lang.ClassNotFoundException: project.executable.Main
runtime error.
input30.txt testing...
Error: Could not find or load main class project.executable.Main
Caused by: java.lang.ClassNotFoundException: project.executable.Main
runtime error.
input31.txt testing...
Error: Could not find or load main class project.executable.Main
Caused by: java.lang.ClassNotFoundException: project.executable.Main
runtime error.
input32.txt testing...
Error: Could not find or load main class project.executable.Main
Caused by: java.lang.ClassNotFoundException: project.executable.Main
runtime error.
input33.txt testing...
Error: Could not find or load main class project.executable.Main
Caused by: java.lang.ClassNotFoundException: project.executable.Main
runtime error.
input34.txt testing...
Error: Could not find or load main class project.executable.Main
Caused by: java.lang.ClassNotFoundException: project.executable.Main
runtime error.
input4.txt testing...
Error: Could not find or load main class project.executable.Main
Caused by: java.lang.ClassNotFoundException: project.executable.Main
runtime error.
input5.txt testing...
Error: Could not find or load main class project.executable.Main
Caused by: java.lang.ClassNotFoundException: project.executable.Main
runtime error.
input6.txt testing...
Error: Could not find or load main class project.executable.Main
Caused by: java.lang.ClassNotFoundException: project.executable.Main
runtime error.
input7.txt testing...
Error: Could not find or load main class project.executable.Main
Caused by: java.lang.ClassNotFoundException: project.executable.Main
runtime error.
input8.txt testing...
Error: Could not find or load main class project.executable.Main
Caused by: java.lang.ClassNotFoundException: project.executable.Main
runtime error.
input9.txt testing...
Error: Could not find or load main class project.executable.Main
Caused by: java.lang.ClassNotFoundException: project.executable.Main
runtime error.

